<?xml version="1.0" encoding="UTF-8"?>
<testng-results ignored="0" total="1" passed="1" failed="0" skipped="0">
  <reporter-output>
    <line>
      <![CDATA[Electronics         Electronics]]>
    </line>
  </reporter-output>
  <suite started-at="2024-04-18T14:13:14 IST" name="Surefire suite" finished-at="2024-04-18T14:15:03 IST" duration-ms="108855">
    <groups>
    </groups>
    <test started-at="2024-04-18T14:13:14 IST" name="Surefire test" finished-at="2024-04-18T14:15:03 IST" duration-ms="108855">
      <class name="DriverFactory.AppTest">
        <test-method signature="kickStart()[pri:0, instance:DriverFactory.AppTest@2892dae4]" started-at="2024-04-18T14:13:14 IST" name="kickStart" finished-at="2024-04-18T14:15:03 IST" duration-ms="108806" status="PASS">
          <reporter-output>
            <line>
              <![CDATA[Electronics         Electronics]]>
            </line>
          </reporter-output>
        </test-method> <!-- kickStart -->
      </class> <!-- DriverFactory.AppTest -->
    </test> <!-- Surefire test -->
  </suite> <!-- Surefire suite -->
</testng-results>
