<?xml version="1.0" encoding="UTF-8"?>
<testng-results ignored="0" total="1" passed="1" failed="0" skipped="0">
  <reporter-output>
  </reporter-output>
  <suite started-at="2024-04-15T13:12:56 IST" name="Default suite" finished-at="2024-04-15T13:13:30 IST" duration-ms="33879">
    <groups>
    </groups>
    <test started-at="2024-04-15T13:12:56 IST" name="Default test" finished-at="2024-04-15T13:13:30 IST" duration-ms="33879">
      <class name="DriverFactory.DriverScript">
        <test-method signature="startTest()[pri:0, instance:DriverFactory.DriverScript@52b1beb6]" started-at="2024-04-15T13:12:56 IST" name="startTest" finished-at="2024-04-15T13:13:30 IST" duration-ms="33792" status="PASS">
          <reporter-output>
          </reporter-output>
        </test-method> <!-- startTest -->
      </class> <!-- DriverFactory.DriverScript -->
    </test> <!-- Default test -->
  </suite> <!-- Default suite -->
</testng-results>
